# JRE version: Java(TM) SE Runtime Environment (8.0_151-b12) (build 1.8.0_151-b12)
# Java VM: Java HotSpot(TM) 64-Bit Server VM (25.151-b12 mixed mode bsd-amd64 compressed oops)
Heap:
 PSYoungGen      total 460800K, used 22987K [0x0000000795580000, 0x00000007b3380000, 0x00000007c0000000)
  eden space 456704K, 5% used [0x0000000795580000,0x0000000796bf2fc0,0x00000007b1380000)
  from space 4096K, 0% used [0x00000007b1380000,0x00000007b1380000,0x00000007b1780000)
  to   space 16384K, 0% used [0x00000007b2380000,0x00000007b2380000,0x00000007b3380000)
 ParOldGen       total 67584K, used 20967K [0x0000000740000000, 0x0000000744200000, 0x0000000795580000)
  object space 67584K, 31% used [0x0000000740000000,0x0000000741479e70,0x0000000744200000)
 Metaspace       used 42292K, capacity 44618K, committed 44800K, reserved 1087488K
  class space    used 5323K, capacity 5821K, committed 5888K, reserved 1048576K
GC Heap History (10 events):
Event: 6968.038 GC heap before
{Heap before GC invocations=20 (full 5):
 PSYoungGen      total 460800K, used 3753K [0x0000000795580000, 0x00000007b3580000, 0x00000007c0000000)
  eden space 456704K, 0% used [0x0000000795580000,0x0000000795580000,0x00000007b1380000)
  from space 4096K, 91% used [0x00000007b1380000,0x00000007b172a5f0,0x00000007b1780000)
  to   space 17408K, 0% used [0x00000007b2480000,0x00000007b2480000,0x00000007b3580000)
 ParOldGen       total 67584K, used 20736K [0x0000000740000000, 0x0000000744200000, 0x0000000795580000)
  object space 67584K, 30% used [0x0000000740000000,0x0000000741440058,0x0000000744200000)
 Metaspace       used 41785K, capacity 43536K, committed 43904K, reserved 1087488K
  class space    used 5249K, capacity 5649K, committed 5760K, reserved 1048576K
Event: 6968.268 GC heap after
Heap after GC invocations=20 (full 5):
 PSYoungGen      total 460800K, used 0K [0x0000000795580000, 0x00000007b3580000, 0x00000007c0000000)
  eden space 456704K, 0% used [0x0000000795580000,0x0000000795580000,0x00000007b1380000)
  from space 4096K, 0% used [0x00000007b1380000,0x00000007b1380000,0x00000007b1780000)
  to   space 17408K, 0% used [0x00000007b2480000,0x00000007b2480000,0x00000007b3580000)
 ParOldGen       total 67584K, used 20846K [0x0000000740000000, 0x0000000744200000, 0x0000000795580000)
  object space 67584K, 30% used [0x0000000740000000,0x000000074145b9e0,0x0000000744200000)
 Metaspace       used 41774K, capacity 43520K, committed 43904K, reserved 1087488K
  class space    used 5247K, capacity 5645K, committed 5760K, reserved 1048576K
}
Event: 7077.857 GC heap before
{Heap before GC invocations=21 (full 5):
 PSYoungGen      total 460800K, used 159943K [0x0000000795580000, 0x00000007b3580000, 0x00000007c0000000)
  eden space 456704K, 35% used [0x0000000795580000,0x000000079f1b1da0,0x00000007b1380000)
  from space 4096K, 0% used [0x00000007b1380000,0x00000007b1380000,0x00000007b1780000)
  to   space 17408K, 0% used [0x00000007b2480000,0x00000007b2480000,0x00000007b3580000)
 ParOldGen       total 67584K, used 20846K [0x0000000740000000, 0x0000000744200000, 0x0000000795580000)
  object space 67584K, 30% used [0x0000000740000000,0x000000074145b9e0,0x0000000744200000)
 Metaspace       used 41987K, capacity 43932K, committed 44160K, reserved 1087488K
  class space    used 5277K, capacity 5724K, committed 5760K, reserved 1048576K
Event: 7077.871 GC heap after
Heap after GC invocations=21 (full 5):
 PSYoungGen      total 473088K, used 3535K [0x0000000795580000, 0x00000007b3480000, 0x00000007c0000000)
  eden space 456704K, 0% used [0x0000000795580000,0x0000000795580000,0x00000007b1380000)
  from space 16384K, 21% used [0x00000007b2480000,0x00000007b27f3fc0,0x00000007b3480000)
  to   space 16896K, 0% used [0x00000007b1380000,0x00000007b1380000,0x00000007b2400000)
 ParOldGen       total 67584K, used 20854K [0x0000000740000000, 0x0000000744200000, 0x0000000795580000)
  object space 67584K, 30% used [0x0000000740000000,0x000000074145d9e0,0x0000000744200000)
 Metaspace       used 41987K, capacity 43932K, committed 44160K, reserved 1087488K
  class space    used 5277K, capacity 5724K, committed 5760K, reserved 1048576K
}
Event: 7077.871 GC heap before
{Heap before GC invocations=22 (full 6):
 PSYoungGen      total 473088K, used 3535K [0x0000000795580000, 0x00000007b3480000, 0x00000007c0000000)
  eden space 456704K, 0% used [0x0000000795580000,0x0000000795580000,0x00000007b1380000)
  from space 16384K, 21% used [0x00000007b2480000,0x00000007b27f3fc0,0x00000007b3480000)
  to   space 16896K, 0% used [0x00000007b1380000,0x00000007b1380000,0x00000007b2400000)
 ParOldGen       total 67584K, used 20854K [0x0000000740000000, 0x0000000744200000, 0x0000000795580000)
  object space 67584K, 30% used [0x0000000740000000,0x000000074145d9e0,0x0000000744200000)
 Metaspace       used 41987K, capacity 43932K, committed 44160K, reserved 1087488K
  class space    used 5277K, capacity 5724K, committed 5760K, reserved 1048576K
Event: 7077.981 GC heap after
Heap after GC invocations=22 (full 6):
 PSYoungGen      total 473088K, used 0K [0x0000000795580000, 0x00000007b3480000, 0x00000007c0000000)
  eden space 456704K, 0% used [0x0000000795580000,0x0000000795580000,0x00000007b1380000)
  from space 16384K, 0% used [0x00000007b2480000,0x00000007b2480000,0x00000007b3480000)
  to   space 16896K, 0% used [0x00000007b1380000,0x00000007b1380000,0x00000007b2400000)
 ParOldGen       total 67584K, used 20858K [0x0000000740000000, 0x0000000744200000, 0x0000000795580000)
  object space 67584K, 30% used [0x0000000740000000,0x000000074145e8d0,0x0000000744200000)
 Metaspace       used 41985K, capacity 43926K, committed 44160K, reserved 1087488K
  class space    used 5277K, capacity 5722K, committed 5760K, reserved 1048576K
}
Event: 8074.487 GC heap before
{Heap before GC invocations=23 (full 6):
 PSYoungGen      total 473088K, used 377638K [0x0000000795580000, 0x00000007b3480000, 0x00000007c0000000)
  eden space 456704K, 82% used [0x0000000795580000,0x00000007ac649bc8,0x00000007b1380000)
  from space 16384K, 0% used [0x00000007b2480000,0x00000007b2480000,0x00000007b3480000)
  to   space 16896K, 0% used [0x00000007b1380000,0x00000007b1380000,0x00000007b2400000)
 ParOldGen       total 67584K, used 20858K [0x0000000740000000, 0x0000000744200000, 0x0000000795580000)
  object space 67584K, 30% used [0x0000000740000000,0x000000074145e8d0,0x0000000744200000)
 Metaspace       used 42211K, capacity 44568K, committed 44800K, reserved 1087488K
  class space    used 5308K, capacity 5797K, committed 5888K, reserved 1048576K
Event: 8074.538 GC heap after
Heap after GC invocations=23 (full 6):
 PSYoungGen      total 460800K, used 3778K [0x0000000795580000, 0x00000007b3380000, 0x00000007c0000000)
  eden space 456704K, 0% used [0x0000000795580000,0x0000000795580000,0x00000007b1380000)
  from space 4096K, 92% used [0x00000007b1380000,0x00000007b1730a58,0x00000007b1780000)
  to   space 16384K, 0% used [0x00000007b2380000,0x00000007b2380000,0x00000007b3380000)
 ParOldGen       total 67584K, used 20866K [0x0000000740000000, 0x0000000744200000, 0x0000000795580000)
  object space 67584K, 30% used [0x0000000740000000,0x00000007414608d0,0x0000000744200000)
 Metaspace       used 42211K, capacity 44568K, committed 44800K, reserved 1087488K
  class space    used 5308K, capacity 5797K, committed 5888K, reserved 1048576K
}
Event: 8074.538 GC heap before
{Heap before GC invocations=24 (full 7):
 PSYoungGen      total 460800K, used 3778K [0x0000000795580000, 0x00000007b3380000, 0x00000007c0000000)
  eden space 456704K, 0% used [0x0000000795580000,0x0000000795580000,0x00000007b1380000)
  from space 4096K, 92% used [0x00000007b1380000,0x00000007b1730a58,0x00000007b1780000)
  to   space 16384K, 0% used [0x00000007b2380000,0x00000007b2380000,0x00000007b3380000)
 ParOldGen       total 67584K, used 20866K [0x0000000740000000, 0x0000000744200000, 0x0000000795580000)
  object space 67584K, 30% used [0x0000000740000000,0x00000007414608d0,0x0000000744200000)
 Metaspace       used 42211K, capacity 44568K, committed 44800K, reserved 1087488K
  class space    used 5308K, capacity 5797K, committed 5888K, reserved 1048576K
Event: 8074.684 GC heap after
Heap after GC invocations=24 (full 7):
 PSYoungGen      total 460800K, used 0K [0x0000000795580000, 0x00000007b3380000, 0x00000007c0000000)
  eden space 456704K, 0% used [0x0000000795580000,0x0000000795580000,0x00000007b1380000)
  from space 4096K, 0% used [0x00000007b1380000,0x00000007b1380000,0x00000007b1780000)
  to   space 16384K, 0% used [0x00000007b2380000,0x00000007b2380000,0x00000007b3380000)
 ParOldGen       total 67584K, used 20967K [0x0000000740000000, 0x0000000744200000, 0x0000000795580000)
  object space 67584K, 31% used [0x0000000740000000,0x0000000741479e70,0x0000000744200000)
 Metaspace       used 42177K, capacity 44516K, committed 44800K, reserved 1087488K
  class space    used 5303K, capacity 5787K, committed 5888K, reserved 1048576K
}

